<?xml version="1.0" encoding="UTF-8"?>
<!-- Generated by org.testng.reporters.JUnitReportReporter -->
<testsuite skipped="0" hostname="KARMA" name="com.trellis.energy.interview.JavaQuestions" tests="4" failures="0" timestamp="17 Apr 2023 15:17:28 GMT" time="0.017" errors="0">
  <testcase name="getNumericFromAlphaNumericUsingPatternAndMatcherClass" time="0.002" classname="com.trellis.energy.interview.JavaQuestions"/>
  <testcase name="getNumericFromAlphaNumeric" time="0.013" classname="com.trellis.energy.interview.JavaQuestions"/>
  <testcase name="uqiueCharFromString" time="0.001" classname="com.trellis.energy.interview.JavaQuestions"/>
  <testcase name="reverString" time="0.001" classname="com.trellis.energy.interview.JavaQuestions"/>
</testsuite> <!-- com.trellis.energy.interview.JavaQuestions -->
