<?xml version="1.0" encoding="UTF-8"?>
<!-- Generated by org.testng.reporters.JUnitReportReporter -->
<testsuite skipped="0" hostname="KARMA" name="demointerview.SelPrac" tests="1" failures="0" timestamp="2023-05-18T22:32:22 CDT" time="15.987" errors="0">
  <testcase name="demoTest" time="15.987" classname="demointerview.SelPrac"/>
  <system-out/>
</testsuite> <!-- demointerview.SelPrac -->
