<?xml version="1.0" encoding="UTF-8"?>
<!-- Generated by org.testng.reporters.JUnitReportReporter -->
<testsuite skipped="0" hostname="KARMA" name="demointerview.PracticeForInterview" tests="1" failures="0" timestamp="2023-05-18T15:24:45 CDT" time="0.010" errors="0">
  <testcase name="reverseString" time="0.010" classname="demointerview.PracticeForInterview"/>
  <system-out/>
</testsuite> <!-- demointerview.PracticeForInterview -->
