<?xml version="1.0" encoding="UTF-8"?>
<!-- Generated by org.testng.reporters.JUnitReportReporter -->
<testsuite skipped="0" hostname="KARMA" name="com.hcl.interview.InterviewQuestions" tests="1" failures="0" timestamp="18 Apr 2023 21:41:36 GMT" time="0.013" errors="0">
  <testcase name="numberOfOccurancesOfCharFromGivenString" time="0.013" classname="com.hcl.interview.InterviewQuestions"/>
</testsuite> <!-- com.hcl.interview.InterviewQuestions -->
