<?xml version="1.0" encoding="UTF-8"?>
<!-- Generated by org.testng.reporters.JUnitReportReporter -->
<testsuite skipped="0" hostname="KARMA" name="Interview.Sample" tests="5" failures="0" timestamp="14 Oct 2022 11:21:55 GMT" time="0.013" errors="0">
  <testcase name="test4" time="0.002" classname="Interview.Sample"/>
  <testcase name="test4" time="0.001" classname="Interview.Sample"/>
  <testcase name="test4" time="0.001" classname="Interview.Sample"/>
  <testcase name="test4" time="0.008" classname="Interview.Sample"/>
  <testcase name="test4" time="0.001" classname="Interview.Sample"/>
</testsuite> <!-- Interview.Sample -->
