<?xml version="1.0" encoding="UTF-8"?>
<!-- Generated by org.testng.reporters.JUnitReportReporter -->
<testsuite skipped="0" hostname="KARMA" name="demointerview.Interveiw_VL" tests="1" failures="0" timestamp="2023-05-02T15:48:28 CDT" time="0.007" errors="0">
  <testcase name="readFile" time="0.007" classname="demointerview.Interveiw_VL"/>
  <system-out/>
</testsuite> <!-- demointerview.Interveiw_VL -->
