<?xml version="1.0" encoding="UTF-8"?>
<!-- Generated by org.testng.reporters.JUnitReportReporter -->
<testsuite skipped="0" hostname="KARMA" name="test.captcha.tesseract.ChildClass" tests="1" failures="0" timestamp="13 Mar 2023 20:33:38 GMT" time="0.012" errors="0">
  <testcase name="m1" time="0.012" classname="test.captcha.tesseract.ChildClass"/>
</testsuite> <!-- test.captcha.tesseract.ChildClass -->
