<?xml version="1.0" encoding="UTF-8"?>
<!-- Generated by org.testng.reporters.JUnitReportReporter -->
<testsuite skipped="0" hostname="KARMA" name="com.trellis.energy.interview.JavaProgrammingQuestions" tests="1" failures="0" timestamp="2023-05-02T10:23:42 CDT" time="0.008" errors="0">
  <testcase name="printFibonacciSeries" time="0.008" classname="com.trellis.energy.interview.JavaProgrammingQuestions"/>
  <system-out/>
</testsuite> <!-- com.trellis.energy.interview.JavaProgrammingQuestions -->
